
  .   ____          _            __ _ _
 /\\ / ___'_ __ _ _(_)_ __  __ _ \ \ \ \
( ( )\___ | '_ | '_| | '_ \/ _` | \ \ \ \
 \\/  ___)| |_)| | | | | || (_| |  ) ) ) )
  '  |____| .__|_| |_|_| |_\__, | / / / /
 =========|_|==============|___/=/_/_/_/

 :: Spring Boot ::                (v3.4.2)

2026-02-24T12:59:47.843+09:00  INFO 16844 --- [clinicflow-ai] [           main] c.e.clinicflow.ClinicflowAiApplication   : Starting ClinicflowAiApplication v0.0.1-SNAPSHOT using Java 17.0.17 with PID 16844 (C:\academia\src\project0\clinicflow-ai\build\libs\clinicflow-ai-0.0.1-SNAPSHOT.jar started by academia in C:\academia\src\project0\clinicflow-ai)
2026-02-24T12:59:47.852+09:00  INFO 16844 --- [clinicflow-ai] [           main] c.e.clinicflow.ClinicflowAiApplication   : No active profile set, falling back to 1 default profile: "default"
2026-02-24T12:59:49.879+09:00  INFO 16844 --- [clinicflow-ai] [           main] .s.d.r.c.RepositoryConfigurationDelegate : Bootstrapping Spring Data JPA repositories in DEFAULT mode.
2026-02-24T12:59:50.014+09:00  INFO 16844 --- [clinicflow-ai] [           main] .s.d.r.c.RepositoryConfigurationDelegate : Finished Spring Data repository scanning in 114 ms. Found 1 JPA repository interface.
2026-02-24T12:59:51.640+09:00  INFO 16844 --- [clinicflow-ai] [           main] o.s.b.w.embedded.tomcat.TomcatWebServer  : Tomcat initialized with port 8080 (http)
2026-02-24T12:59:51.671+09:00  INFO 16844 --- [clinicflow-ai] [           main] o.apache.catalina.core.StandardService   : Starting service [Tomcat]
2026-02-24T12:59:51.672+09:00  INFO 16844 --- [clinicflow-ai] [           main] o.apache.catalina.core.StandardEngine    : Starting Servlet engine: [Apache Tomcat/10.1.34]
2026-02-24T12:59:51.762+09:00  INFO 16844 --- [clinicflow-ai] [           main] o.a.c.c.C.[Tomcat].[localhost].[/]       : Initializing Spring embedded WebApplicationContext
2026-02-24T12:59:51.765+09:00  INFO 16844 --- [clinicflow-ai] [           main] w.s.c.ServletWebServerApplicationContext : Root WebApplicationContext: initialization completed in 3747 ms
2026-02-24T12:59:52.145+09:00  INFO 16844 --- [clinicflow-ai] [           main] o.hibernate.jpa.internal.util.LogHelper  : HHH000204: Processing PersistenceUnitInfo [name: default]
2026-02-24T12:59:52.338+09:00  INFO 16844 --- [clinicflow-ai] [           main] org.hibernate.Version                    : HHH000412: Hibernate ORM core version 6.6.5.Final
2026-02-24T12:59:52.450+09:00  INFO 16844 --- [clinicflow-ai] [           main] o.h.c.internal.RegionFactoryInitiator    : HHH000026: Second-level cache disabled
2026-02-24T12:59:53.370+09:00  INFO 16844 --- [clinicflow-ai] [           main] o.s.o.j.p.SpringPersistenceUnitInfo      : No LoadTimeWeaver setup: ignoring JPA class transformer
2026-02-24T12:59:53.669+09:00  INFO 16844 --- [clinicflow-ai] [           main] com.zaxxer.hikari.HikariDataSource       : HikariPool-1 - Starting...
2026-02-24T12:59:54.052+09:00  INFO 16844 --- [clinicflow-ai] [           main] com.zaxxer.hikari.pool.HikariPool        : HikariPool-1 - Added connection conn0: url=jdbc:h2:mem:clinicflowdb user=SA
2026-02-24T12:59:54.056+09:00  INFO 16844 --- [clinicflow-ai] [           main] com.zaxxer.hikari.HikariDataSource       : HikariPool-1 - Start completed.
2026-02-24T12:59:54.152+09:00  INFO 16844 --- [clinicflow-ai] [           main] org.hibernate.orm.connections.pooling    : HHH10001005: Database info:
	Database JDBC URL [Connecting through datasource 'HikariDataSource (HikariPool-1)']
	Database driver: undefined/unknown
	Database version: 2.3.232
	Autocommit mode: undefined/unknown
	Isolation level: undefined/unknown
	Minimum pool size: undefined/unknown
	Maximum pool size: undefined/unknown
2026-02-24T12:59:55.724+09:00  INFO 16844 --- [clinicflow-ai] [           main] o.h.e.t.j.p.i.JtaPlatformInitiator       : HHH000489: No JTA platform available (set 'hibernate.transaction.jta.platform' to enable JTA platform integration)
Hibernate: 
    create table users (
        id bigint generated by default as identity,
        password varchar(255) not null,
        role varchar(30) not null,
        username varchar(50) not null,
        primary key (id)
    )
Hibernate: 
    alter table if exists users 
       drop constraint if exists UKr43af9ap4edm43mmtq01oddj6
Hibernate: 
    alter table if exists users 
       add constraint UKr43af9ap4edm43mmtq01oddj6 unique (username)
2026-02-24T12:59:55.877+09:00  INFO 16844 --- [clinicflow-ai] [           main] j.LocalContainerEntityManagerFactoryBean : Initialized JPA EntityManagerFactory for persistence unit 'default'
2026-02-24T12:59:56.655+09:00  WARN 16844 --- [clinicflow-ai] [           main] JpaBaseConfiguration$JpaWebConfiguration : spring.jpa.open-in-view is enabled by default. Therefore, database queries may be performed during view rendering. Explicitly configure spring.jpa.open-in-view to disable this warning
2026-02-24T12:59:56.797+09:00  INFO 16844 --- [clinicflow-ai] [           main] r$InitializeUserDetailsManagerConfigurer : Global AuthenticationManager configured with UserDetailsService bean with name customUserDetailsService
2026-02-24T12:59:57.028+09:00  INFO 16844 --- [clinicflow-ai] [           main] o.s.b.a.w.s.WelcomePageHandlerMapping    : Adding welcome page: class path resource [static/index.html]
2026-02-24T12:59:58.221+09:00  INFO 16844 --- [clinicflow-ai] [           main] o.s.b.a.h2.H2ConsoleAutoConfiguration    : H2 console available at '/h2-console'. Database available at 'jdbc:h2:mem:clinicflowdb'
2026-02-24T12:59:58.585+09:00  INFO 16844 --- [clinicflow-ai] [           main] o.s.b.w.embedded.tomcat.TomcatWebServer  : Tomcat started on port 8080 (http) with context path '/'
2026-02-24T12:59:58.622+09:00  INFO 16844 --- [clinicflow-ai] [           main] c.e.clinicflow.ClinicflowAiApplication   : Started ClinicflowAiApplication in 12.299 seconds (process running for 13.335)
Hibernate: 
    select
        au1_0.id,
        au1_0.password,
        au1_0.role,
        au1_0.username 
    from
        users au1_0 
    where
        au1_0.username=?
Hibernate: 
    insert 
    into
        users
        (password, role, username, id) 
    values
        (?, ?, ?, default)
2026-02-24T13:00:11.584+09:00  INFO 16844 --- [clinicflow-ai] [0.0-8080-exec-1] o.a.c.c.C.[Tomcat].[localhost].[/]       : Initializing Spring DispatcherServlet 'dispatcherServlet'
2026-02-24T13:00:11.587+09:00  INFO 16844 --- [clinicflow-ai] [0.0-8080-exec-1] o.s.web.servlet.DispatcherServlet        : Initializing Servlet 'dispatcherServlet'
2026-02-24T13:00:11.590+09:00  INFO 16844 --- [clinicflow-ai] [0.0-8080-exec-1] o.s.web.servlet.DispatcherServlet        : Completed initialization in 2 ms
Hibernate: 
    select
        au1_0.id,
        au1_0.password,
        au1_0.role,
        au1_0.username 
    from
        users au1_0 
    where
        au1_0.username=?
2026-02-24T13:10:33.582+09:00  WARN 16844 --- [clinicflow-ai] [l-1 housekeeper] com.zaxxer.hikari.pool.HikariPool        : HikariPool-1 - Thread starvation or clock leap detected (housekeeper delta=3m9s265ms585µs500ns).
