> Task :compileJava UP-TO-DATE
> Task :processResources UP-TO-DATE
> Task :classes UP-TO-DATE
> Task :resolveMainClassName UP-TO-DATE

> Task :bootRun

  .   ____          _            __ _ _
 /\\ / ___'_ __ _ _(_)_ __  __ _ \ \ \ \
( ( )\___ | '_ | '_| | '_ \/ _` | \ \ \ \
 \\/  ___)| |_)| | | | | || (_| |  ) ) ) )
  '  |____| .__|_| |_|_| |_\__, | / / / /
 =========|_|==============|___/=/_/_/_/

 :: Spring Boot ::                (v3.4.2)

2026-02-20T15:32:49.369+09:00  INFO 15848 --- [clinicflow-ai] [           main] c.e.clinicflow.ClinicflowAiApplication   : Starting ClinicflowAiApplication using Java 17.0.17 with PID 15848 (C:\academia\src\project0\clinicflow-ai\build\classes\java\main started by academia in C:\academia\src\project0\clinicflow-ai)
2026-02-20T15:32:49.372+09:00  INFO 15848 --- [clinicflow-ai] [           main] c.e.clinicflow.ClinicflowAiApplication   : No active profile set, falling back to 1 default profile: "default"
2026-02-20T15:32:49.956+09:00  INFO 15848 --- [clinicflow-ai] [           main] .s.d.r.c.RepositoryConfigurationDelegate : Bootstrapping Spring Data JPA repositories in DEFAULT mode.
2026-02-20T15:32:49.975+09:00  INFO 15848 --- [clinicflow-ai] [           main] .s.d.r.c.RepositoryConfigurationDelegate : Finished Spring Data repository scanning in 11 ms. Found 0 JPA repository interfaces.
2026-02-20T15:32:50.419+09:00  INFO 15848 --- [clinicflow-ai] [           main] o.s.b.w.embedded.tomcat.TomcatWebServer  : Tomcat initialized with port 8080 (http)
2026-02-20T15:32:50.431+09:00  INFO 15848 --- [clinicflow-ai] [           main] o.apache.catalina.core.StandardService   : Starting service [Tomcat]
2026-02-20T15:32:50.432+09:00  INFO 15848 --- [clinicflow-ai] [           main] o.apache.catalina.core.StandardEngine    : Starting Servlet engine: [Apache Tomcat/10.1.34]
2026-02-20T15:32:50.483+09:00  INFO 15848 --- [clinicflow-ai] [           main] o.a.c.c.C.[Tomcat].[localhost].[/]       : Initializing Spring embedded WebApplicationContext
2026-02-20T15:32:50.484+09:00  INFO 15848 --- [clinicflow-ai] [           main] w.s.c.ServletWebServerApplicationContext : Root WebApplicationContext: initialization completed in 1058 ms
2026-02-20T15:32:50.604+09:00  INFO 15848 --- [clinicflow-ai] [           main] o.hibernate.jpa.internal.util.LogHelper  : HHH000204: Processing PersistenceUnitInfo [name: default]
2026-02-20T15:32:50.642+09:00  INFO 15848 --- [clinicflow-ai] [           main] org.hibernate.Version                    : HHH000412: Hibernate ORM core version 6.6.5.Final
2026-02-20T15:32:50.669+09:00  INFO 15848 --- [clinicflow-ai] [           main] o.h.c.internal.RegionFactoryInitiator    : HHH000026: Second-level cache disabled
2026-02-20T15:32:50.884+09:00  INFO 15848 --- [clinicflow-ai] [           main] o.s.o.j.p.SpringPersistenceUnitInfo      : No LoadTimeWeaver setup: ignoring JPA class transformer
2026-02-20T15:32:50.907+09:00  INFO 15848 --- [clinicflow-ai] [           main] com.zaxxer.hikari.HikariDataSource       : HikariPool-1 - Starting...
2026-02-20T15:32:51.042+09:00  INFO 15848 --- [clinicflow-ai] [           main] com.zaxxer.hikari.pool.HikariPool        : HikariPool-1 - Added connection conn0: url=jdbc:h2:mem:clinicflowdb user=SA
2026-02-20T15:32:51.043+09:00  INFO 15848 --- [clinicflow-ai] [           main] com.zaxxer.hikari.HikariDataSource       : HikariPool-1 - Start completed.
2026-02-20T15:32:51.093+09:00  INFO 15848 --- [clinicflow-ai] [           main] org.hibernate.orm.connections.pooling    : HHH10001005: Database info:
	Database JDBC URL [Connecting through datasource 'HikariDataSource (HikariPool-1)']
	Database driver: undefined/unknown
	Database version: 2.3.232
	Autocommit mode: undefined/unknown
	Isolation level: undefined/unknown
	Minimum pool size: undefined/unknown
	Maximum pool size: undefined/unknown
2026-02-20T15:32:51.366+09:00  INFO 15848 --- [clinicflow-ai] [           main] o.h.e.t.j.p.i.JtaPlatformInitiator       : HHH000489: No JTA platform available (set 'hibernate.transaction.jta.platform' to enable JTA platform integration)
2026-02-20T15:32:51.370+09:00  INFO 15848 --- [clinicflow-ai] [           main] j.LocalContainerEntityManagerFactoryBean : Initialized JPA EntityManagerFactory for persistence unit 'default'
2026-02-20T15:32:51.411+09:00  WARN 15848 --- [clinicflow-ai] [           main] JpaBaseConfiguration$JpaWebConfiguration : spring.jpa.open-in-view is enabled by default. Therefore, database queries may be performed during view rendering. Explicitly configure spring.jpa.open-in-view to disable this warning
2026-02-20T15:32:51.435+09:00  INFO 15848 --- [clinicflow-ai] [           main] o.s.b.a.w.s.WelcomePageHandlerMapping    : Adding welcome page: class path resource [static/index.html]
2026-02-20T15:32:51.685+09:00  INFO 15848 --- [clinicflow-ai] [           main] o.s.b.a.h2.H2ConsoleAutoConfiguration    : H2 console available at '/h2-console'. Database available at 'jdbc:h2:mem:clinicflowdb'
2026-02-20T15:32:51.782+09:00  INFO 15848 --- [clinicflow-ai] [           main] o.s.b.w.embedded.tomcat.TomcatWebServer  : Tomcat started on port 8080 (http) with context path '/'
2026-02-20T15:32:51.794+09:00  INFO 15848 --- [clinicflow-ai] [           main] c.e.clinicflow.ClinicflowAiApplication   : Started ClinicflowAiApplication in 2.868 seconds (process running for 3.156)
2026-02-20T15:32:51.868+09:00  INFO 15848 --- [clinicflow-ai] [0.0-8080-exec-5] o.a.c.c.C.[Tomcat].[localhost].[/]       : Initializing Spring DispatcherServlet 'dispatcherServlet'
2026-02-20T15:32:51.868+09:00  INFO 15848 --- [clinicflow-ai] [0.0-8080-exec-5] o.s.web.servlet.DispatcherServlet        : Initializing Servlet 'dispatcherServlet'
2026-02-20T15:32:51.869+09:00  INFO 15848 --- [clinicflow-ai] [0.0-8080-exec-5] o.s.web.servlet.DispatcherServlet        : Completed initialization in 1 ms
